0 info it worked if it ends with ok
1 verbose cli [ '/usr/local/node-v6.5.0-linux-x86/bin/node',
1 verbose cli   '/usr/local/node-v6.5.0-linux-x86/bin/npm',
1 verbose cli   'run',
1 verbose cli   'to_public' ]
2 info using npm@3.10.3
3 info using node@v6.5.0
4 verbose run-script [ 'preto_public', 'to_public', 'postto_public' ]
5 info lifecycle angular2-quickstart@1.0.0~preto_public: angular2-quickstart@1.0.0
6 silly lifecycle angular2-quickstart@1.0.0~preto_public: no script for preto_public, continuing
7 info lifecycle angular2-quickstart@1.0.0~to_public: angular2-quickstart@1.0.0
8 verbose lifecycle angular2-quickstart@1.0.0~to_public: unsafe-perm in lifecycle true
9 verbose lifecycle angular2-quickstart@1.0.0~to_public: PATH: /usr/local/node-v6.5.0-linux-x86/lib/node_modules/npm/bin/node-gyp-bin:/var/www/html/laravel/mi_dinero/resources/assets/node_modules/.bin:/usr/local/node-v6.5.0-linux-x86/bin:/usr/local/heroku/bin:/home/rhonal/.rvm/gems/ruby-2.3.0/bin:/home/rhonal/.rvm/gems/ruby-2.3.0@global/bin:/home/rhonal/.rvm/rubies/ruby-2.3.0/bin:/home/rhonal/.npm-global/bin:/usr/local/apache-maven-3.3.9/bin:/usr/local/sbin:/usr/local/bin:/usr/sbin:/usr/bin:/sbin:/bin:/usr/games:/usr/local/games:/usr/local/jdk1.7.0_80/bin:/opt/PostgreSQL/9.4/bin/:/usr/local/mongodb-linux-x86_64-ubuntu1404-3.2.10/bin:/usr/local/node-v6.5.0-linux-x86/bin:/home/rhonal/.rvm/bin:/home/rhonal/Programacion/Ide/eclipse:/home/rhonal/.rvm/bin:/home/rhonal/.rvm/bin:/home/rhonal/.rvm/bin
10 verbose lifecycle angular2-quickstart@1.0.0~to_public: CWD: /var/www/html/laravel/mi_dinero/resources/assets
11 silly lifecycle angular2-quickstart@1.0.0~to_public: Args: [ '-c',
11 silly lifecycle   'npm run build_prod && npm run bundle_public &&  npm run templates &&  npm  run images npm run style ' ]
12 silly lifecycle angular2-quickstart@1.0.0~to_public: Returned: code: 1  signal: null
13 info lifecycle angular2-quickstart@1.0.0~to_public: Failed to exec to_public script
14 verbose stack Error: angular2-quickstart@1.0.0 to_public: `npm run build_prod && npm run bundle_public &&  npm run templates &&  npm  run images npm run style `
14 verbose stack Exit status 1
14 verbose stack     at EventEmitter.<anonymous> (/usr/local/node-v6.5.0-linux-x86/lib/node_modules/npm/lib/utils/lifecycle.js:242:16)
14 verbose stack     at emitTwo (events.js:106:13)
14 verbose stack     at EventEmitter.emit (events.js:191:7)
14 verbose stack     at ChildProcess.<anonymous> (/usr/local/node-v6.5.0-linux-x86/lib/node_modules/npm/lib/utils/spawn.js:40:14)
14 verbose stack     at emitTwo (events.js:106:13)
14 verbose stack     at ChildProcess.emit (events.js:191:7)
14 verbose stack     at maybeClose (internal/child_process.js:877:16)
14 verbose stack     at Process.ChildProcess._handle.onexit (internal/child_process.js:226:5)
15 verbose pkgid angular2-quickstart@1.0.0
16 verbose cwd /var/www/html/laravel/mi_dinero/resources/assets
17 error Linux 3.19.0-25-generic
18 error argv "/usr/local/node-v6.5.0-linux-x86/bin/node" "/usr/local/node-v6.5.0-linux-x86/bin/npm" "run" "to_public"
19 error node v6.5.0
20 error npm  v3.10.3
21 error code ELIFECYCLE
22 error angular2-quickstart@1.0.0 to_public: `npm run build_prod && npm run bundle_public &&  npm run templates &&  npm  run images npm run style `
22 error Exit status 1
23 error Failed at the angular2-quickstart@1.0.0 to_public script 'npm run build_prod && npm run bundle_public &&  npm run templates &&  npm  run images npm run style '.
23 error Make sure you have the latest version of node.js and npm installed.
23 error If you do, this is most likely a problem with the angular2-quickstart package,
23 error not with npm itself.
23 error Tell the author that this fails on your system:
23 error     npm run build_prod && npm run bundle_public &&  npm run templates &&  npm  run images npm run style
23 error You can get information on how to open an issue for this project with:
23 error     npm bugs angular2-quickstart
23 error Or if that isn't available, you can get their info via:
23 error     npm owner ls angular2-quickstart
23 error There is likely additional logging output above.
24 verbose exit [ 1, true ]
